2025-03-07 10:43:26 - [INFO] - Starting AddressBookApplication using Java 23.0.2 with PID 11844 (P:\Backend\Address_Book\AddressBook\AddressBook\target\classes started by yogesh in P:\Backend\Address_Book\AddressBook\AddressBook)
2025-03-07 10:43:26 - [DEBUG] - Running with Spring Boot v3.4.3, Spring v6.2.3
2025-03-07 10:43:26 - [INFO] - No active profile set, falling back to 1 default profile: "default"
2025-03-07 10:43:27 - [INFO] - Devtools property defaults active! Set 'spring.devtools.add-properties' to 'false' to disable
2025-03-07 10:43:27 - [INFO] - For additional web related logging consider setting the 'logging.level.web' property to 'DEBUG'
2025-03-07 10:43:28 - [INFO] - Bootstrapping Spring Data JPA repositories in DEFAULT mode.
2025-03-07 10:43:28 - [INFO] - Finished Spring Data repository scanning in 64 ms. Found 1 JPA repository interface.
2025-03-07 10:43:30 - [INFO] - Tomcat initialized with port 8080 (http)
2025-03-07 10:43:30 - [INFO] - Starting service [Tomcat]
2025-03-07 10:43:30 - [INFO] - Starting Servlet engine: [Apache Tomcat/10.1.36]
2025-03-07 10:43:30 - [INFO] - Initializing Spring embedded WebApplicationContext
2025-03-07 10:43:30 - [INFO] - Root WebApplicationContext: initialization completed in 3392 ms
2025-03-07 10:43:31 - [INFO] - HHH000204: Processing PersistenceUnitInfo [name: default]
2025-03-07 10:43:31 - [INFO] - HHH000412: Hibernate ORM core version 6.6.8.Final
2025-03-07 10:43:31 - [INFO] - HHH000026: Second-level cache disabled
2025-03-07 10:43:31 - [INFO] - No LoadTimeWeaver setup: ignoring JPA class transformer
2025-03-07 10:43:31 - [INFO] - HikariPool-1 - Starting...
2025-03-07 10:43:32 - [INFO] - HikariPool-1 - Added connection com.mysql.cj.jdbc.ConnectionImpl@7872799d
2025-03-07 10:43:32 - [INFO] - HikariPool-1 - Start completed.
2025-03-07 10:43:32 - [WARN] - HHH90000025: MySQLDialect does not need to be specified explicitly using 'hibernate.dialect' (remove the property setting and it will be selected by default)
2025-03-07 10:43:33 - [INFO] - HHH10001005: Database info:
	Database JDBC URL [Connecting through datasource 'HikariDataSource (HikariPool-1)']
	Database driver: undefined/unknown
	Database version: 8.0.32
	Autocommit mode: undefined/unknown
	Isolation level: undefined/unknown
	Minimum pool size: undefined/unknown
	Maximum pool size: undefined/unknown
2025-03-07 10:43:34 - [INFO] - HHH000489: No JTA platform available (set 'hibernate.transaction.jta.platform' to enable JTA platform integration)
2025-03-07 10:43:34 - [INFO] - Initialized JPA EntityManagerFactory for persistence unit 'default'
2025-03-07 10:43:35 - [WARN] - spring.jpa.open-in-view is enabled by default. Therefore, database queries may be performed during view rendering. Explicitly configure spring.jpa.open-in-view to disable this warning
2025-03-07 10:43:36 - [INFO] - LiveReload server is running on port 35729
2025-03-07 10:43:36 - [INFO] - Tomcat started on port 8080 (http) with context path '/'
2025-03-07 10:43:36 - [INFO] - Started AddressBookApplication in 10.213 seconds (process running for 11.353)
2025-03-07 10:47:56 - [INFO] - Commencing graceful shutdown. Waiting for active requests to complete
2025-03-07 10:47:56 - [INFO] - Graceful shutdown complete
2025-03-07 10:47:56 - [INFO] - Closing JPA EntityManagerFactory for persistence unit 'default'
2025-03-07 10:47:56 - [INFO] - HikariPool-1 - Shutdown initiated...
2025-03-07 10:47:56 - [INFO] - HikariPool-1 - Shutdown completed.
